<?xml version="1.0" encoding="UTF-8"?>
<!-- Generated by org.testng.reporters.JUnitXMLReporter -->
<testsuite ignored="0" hostname="DESKTOP-HQBURN8" failures="0" tests="1" name="Default test(failed)" time="12.041" errors="0" timestamp="2022-06-08T22:40:31 IST">
  <testcase classname="genericUtility.BaseClass" name="@BeforeMethod bm" time="0.08">
    <failure type="java.lang.NullPointerException" message="Cannot invoke &amp;quot;org.openqa.selenium.SearchContext.findElement(org.openqa.selenium.By)&amp;quot; because &amp;quot;this.searchContext&amp;quot; is null">
      <![CDATA[java.lang.NullPointerException: Cannot invoke "org.openqa.selenium.SearchContext.findElement(org.openqa.selenium.By)" because "this.searchContext" is null
at org.openqa.selenium.support.pagefactory.DefaultElementLocator.findElement(DefaultElementLocator.java:69)
at org.openqa.selenium.support.pagefactory.internal.LocatingElementHandler.invoke(LocatingElementHandler.java:38)
at jdk.proxy2/jdk.proxy2.$Proxy18.sendKeys(Unknown Source)
at com.crm.comcast.pomrepository.LoginPage.LoginToApp(LoginPage.java:39)
at genericUtility.BaseClass.bm(BaseClass.java:60)
at java.base/java.util.ArrayList.forEach(ArrayList.java:1511)
... Removed 31 stack frames]]>
    </failure>
  </testcase> <!-- @BeforeMethod bm -->
  <testcase classname="genericUtility.BaseClass" name="@AfterMethod am" time="-1.654708231461E9">
    <skipped/>
  </testcase> <!-- @AfterMethod am -->
  <testcase classname="genericUtility.BaseClass" name="@AfterClass ac" time="-1.654708231468E9">
    <skipped/>
  </testcase> <!-- @AfterClass ac -->
  <testcase classname="com.crm.comcast.campaignTest.CreatCampaignTest" name="createcampTest" time="0.0">
    <skipped/>
  </testcase> <!-- createcampTest -->
</testsuite> <!-- Default test(failed) -->
